2023-06-05 14:05:45[ INFO ]>>queryUserList用户列表查询测试成功
2023-06-05 14:06:08[ INFO ]>>insert用户插入测试成功
2023-06-05 15:45:18[ INFO ]>>insert用户插入测试成功
2023-06-05 15:45:18[ INFO ]>>queryUserList用户列表查询测试成功
2023-06-05 15:46:37[ INFO ]>>insert用户插入测试成功
2023-06-05 15:46:37[ INFO ]>>queryUserList用户列表查询测试成功
2023-06-05 15:46:47[ INFO ]>>insert用户插入测试成功
2023-06-05 15:46:47[ INFO ]>>queryUserList用户列表查询测试成功
2023-06-05 15:51:49[ INFO ]>>insert用户插入测试成功
2023-06-05 15:51:49[ INFO ]>>queryUserList用户列表查询测试成功
2023-06-05 15:53:19[ INFO ]>>insert用户插入测试成功
2023-06-05 15:53:19[ INFO ]>>queryUserList用户列表查询测试成功
2023-06-05 15:53:28[ INFO ]>>insert用户插入测试成功
2023-06-05 15:53:29[ INFO ]>>queryUserList用户列表查询测试成功
2023-06-05 16:02:14[ INFO ]>>insert用户插入测试成功
2023-06-05 16:02:14[ INFO ]>>queryUserList用户列表查询测试成功
2023-06-05 16:02:25[ INFO ]>>insert用户插入测试成功
2023-06-05 16:02:25[ INFO ]>>queryUserList用户列表查询测试成功
2023-06-05 17:00:58[ INFO ]>>insert用户插入测试成功
2023-06-05 17:00:58[ INFO ]>>queryUserList用户列表查询测试成功
2023-06-05 17:01:08[ INFO ]>>insert用户插入测试成功
2023-06-05 17:01:08[ INFO ]>>queryUserList用户列表查询测试成功
2023-06-06 00:11:37[ INFO ]>>insert用户插入测试成功
2023-06-06 00:11:37[ INFO ]>>queryUserList用户列表查询测试成功
2023-06-06 00:13:45[ INFO ]>>insert用户插入测试成功
2023-06-06 00:13:45[ INFO ]>>queryUserList用户列表查询测试成功
2023-06-06 00:13:56[ INFO ]>>insert用户插入测试成功
2023-06-06 00:13:56[ INFO ]>>queryUserList用户列表查询测试成功
2023-06-06 23:47:20[ INFO ]>>insert用户插入测试成功
2023-06-06 23:47:21[ INFO ]>>queryUserList用户列表查询测试成功
2023-06-06 23:47:31[ INFO ]>>insert用户插入测试成功
2023-06-06 23:47:32[ INFO ]>>queryUserList用户列表查询测试成功
2023-06-15 20:20:57[ INFO ]>>insert用户插入测试成功
2023-06-15 20:20:57[ INFO ]>>queryUserList用户列表查询测试成功
2023-06-15 20:21:43[ INFO ]>>insert用户插入测试成功
2023-06-15 20:21:43[ INFO ]>>queryUserList用户列表查询测试成功
2023-06-16 14:17:36[ INFO ]结果
2023-06-16 14:17:36[ INFO ]>>queryProjectList项目列表查询测试成功
2023-06-16 14:18:02[ INFO ]0
2023-06-16 14:18:02[ INFO ]>modifyProjectInfo>修改失败
2023-06-16 14:18:02[ INFO ]结果
2023-06-16 14:18:03[ INFO ]>>queryProjectList项目列表查询测试成功
2023-06-16 14:18:03[ INFO ]>>deleteUserById项目删除成功
2023-06-16 14:19:10[ INFO ]0
2023-06-16 14:19:10[ INFO ]>modifyProjectInfo>修改失败
2023-06-16 14:19:10[ INFO ]结果
2023-06-16 14:19:10[ INFO ]>>queryProjectList项目列表查询测试成功
2023-06-16 14:19:10[ INFO ]>>deleteUserById项目删除成功
2023-06-16 14:19:39[ INFO ]结果
2023-06-16 14:19:39[ INFO ]>>queryProjectList项目列表查询测试成功
2023-06-16 14:19:56[ INFO ]0
2023-06-16 14:19:56[ INFO ]>modifyProjectInfo>修改失败
2023-06-16 14:21:20[ INFO ]>>deleteUserById项目删除成功
2023-06-16 14:26:42[ INFO ]>>addProjectInfo项目新增成功
2023-06-16 14:27:33[ INFO ]>>deleteUserById项目删除成功
2023-06-16 14:29:06[ INFO ]0
2023-06-16 14:29:06[ INFO ]>modifyProjectInfo>修改失败
